1562744021.283 00 00 84 00 00 01 20 
1562744021.399 00 00 80 00 00 13 6D 61 73 74 65 72 2D 31 34 33 37 2D 66 66 33 39 39 61 37 
1562744021.659 00 00 83 00 00 32 67 63 2C 61 6E 2C 72 73 73 69 2D 63 6F 6E 66 2C 62 65 73 74 62 69 74 2C 35 30 2D 37 35 6B 48 7A 2C 74 78 2D 62 72 69 64 67 65 2C 72 78 2D 67 65 6E 33 
1562744021.799 00 00 95 00 00 01 02 
1562744021.935 00 00 A8 00 00 04 00 00 00 00 
1562744022.075 00 00 9A 00 00 01 00 
1562744022.219 00 00 98 00 00 01 00 
1562744022.359 00 00 99 00 00 06 00 01 02 01 01 13 
1562744022.493 00 00 C0 00 00 16 00 00 00 00 00 00 00 00 00 00 00 00 00 00 00 00 00 00 00 00 00 00 
1562744022.633 00 00 C2 00 00 16 00 00 00 00 00 00 00 00 00 00 00 00 00 00 00 00 00 00 00 00 00 00 
1562744022.777 00 00 C4 00 00 04 00 00 00 00 
1562744022.918 00 00 B8 00 00 01 00 
1562744023.057 00 00 94 00 00 01 09 
1562744023.245 00 00 B9 00 00 08 00 00 00 00 00 00 00 00 
1562744023.253 20 FF FF 00 00 00 
1562744025.418 20 FF FF 00 01 00 
1562744029.418 20 FF FF 00 02 00 
1562744033.434 20 FF FF 00 03 00 
1562744037.426 20 FF FF 00 04 00 
1562744041.445 00 00 C0 00 00 16 00 05 00 00 00 00 00 00 00 00 00 00 00 00 00 00 00 00 00 00 00 00 
1562744041.553 00 00 C2 00 00 16 00 00 00 00 00 00 00 00 00 00 00 00 00 00 00 00 00 00 00 00 00 00 
1562744041.679 00 00 C4 00 00 04 00 00 00 00 
1562744041.876 00 00 B8 00 00 01 00 
