1562744053.674 00 00 84 00 00 01 20 
1562744053.807 00 00 80 00 00 13 6D 61 73 74 65 72 2D 31 34 33 37 2D 66 66 33 39 39 61 37 
1562744054.079 00 00 83 00 00 32 67 63 2C 61 6E 2C 72 73 73 69 2D 63 6F 6E 66 2C 62 65 73 74 62 69 74 2C 35 30 2D 37 35 6B 48 7A 2C 74 78 2D 62 72 69 64 67 65 2C 72 78 2D 67 65 6E 33 
1562744054.187 00 00 95 00 00 01 02 
1562744054.319 00 00 A8 00 00 04 00 00 00 00 
1562744054.457 00 00 9A 00 00 01 00 
1562744054.546 00 00 98 00 00 01 00 
1562744054.742 00 00 99 00 00 06 00 01 02 01 01 13 
1562744054.870 00 00 C0 00 00 16 00 00 00 00 00 00 00 00 00 00 00 00 00 00 00 00 00 00 00 00 00 00 
1562744055.014 00 00 C2 00 00 16 00 00 00 00 00 00 00 00 00 00 00 00 00 00 00 00 00 00 00 00 00 00 
1562744055.159 00 00 C4 00 00 04 00 00 00 00 
1562744055.292 00 00 B8 00 00 01 00 
1562744055.444 00 00 94 00 00 01 09 
1562744055.663 00 00 B9 00 00 08 00 00 00 00 00 00 00 00 
1562744055.679 20 FF FF 00 00 00 
1562744056.070 32 20 7F 00 00 10 00 00 00 D2 02 E7 26 80 02 E7 58 59 00 00 2F 99 
1562744057.774 20 FF FF 00 01 00 
1562744058.265 32 20 7F 00 01 10 00 00 01 42 02 ED DE 84 02 EE 10 8A 00 00 2F 99 
1562744061.783 20 FF FF 00 02 00 
1562744062.271 32 20 7F 00 02 10 00 00 01 15 02 FA 19 A8 02 FA 4B 9C 00 00 2F 99 
1562744065.802 20 FF FF 00 03 00 
1562744066.296 32 20 7F 00 03 10 00 00 01 27 03 06 5F CF 03 06 91 CA 00 00 2F 99 
1562744069.814 20 FF FF 00 04 00 
1562744070.328 32 20 7F 00 04 10 00 00 00 F2 03 12 9D 77 03 12 CF 5D 00 00 2F 99 
1562744073.821 00 00 C0 00 00 16 00 05 00 05 00 05 00 05 00 00 00 01 00 00 00 00 00 01 00 00 00 00 
1562744073.946 00 00 C2 00 00 16 00 05 00 05 00 05 00 05 00 05 00 05 00 05 00 05 00 05 00 05 00 05 
1562744074.192 00 00 C4 00 00 04 00 00 00 05 
1562744074.241 00 00 B8 00 00 01 00 
