1562744077.929 00 00 84 00 00 01 32 
1562744078.166 00 00 80 00 00 13 6D 61 73 74 65 72 2D 31 34 33 37 2D 66 66 33 39 39 61 37 
1562744078.305 00 00 83 00 00 32 67 63 2C 61 6E 2C 72 73 73 69 2D 63 6F 6E 66 2C 62 65 73 74 62 69 74 2C 35 30 2D 37 35 6B 48 7A 2C 74 78 2D 62 72 69 64 67 65 2C 72 78 2D 67 65 6E 33 
1562744078.427 00 00 95 00 00 01 02 
1562744078.565 00 00 A8 00 00 04 00 00 00 00 
1562744078.709 00 00 9A 00 00 01 01 
1562744078.857 00 00 98 00 00 01 00 
1562744079.003 00 00 99 00 00 06 00 01 02 01 01 13 
1562744079.147 00 00 C0 00 00 16 00 00 00 00 00 00 00 00 00 00 00 00 00 00 00 00 00 00 00 00 00 00 
1562744079.290 00 00 C2 00 00 16 00 00 00 00 00 00 00 00 00 00 00 00 00 00 00 00 00 00 00 00 00 00 
1562744079.445 00 00 C4 00 00 04 00 00 00 00 
1562744079.598 00 00 B8 00 00 01 00 
1562744079.741 00 00 94 00 00 01 09 
1562744079.879 00 00 B9 00 00 08 00 00 00 00 00 00 00 00 
1562744079.904 32 FF FF 00 00 00 
1562744080.336 32 32 7F 00 00 10 00 00 01 06 07 D6 12 C5 07 D6 44 B3 00 00 2F 99 
1562744082.198 32 FF FF 00 01 00 
1562744082.669 32 32 7F 00 01 10 00 00 01 09 07 DD 2D 21 07 DD 5F 10 00 00 2F 99 
1562744086.194 32 FF FF 00 02 00 
1562744086.659 32 32 7F 00 02 10 00 00 01 06 07 E9 5C F7 07 E9 8E E5 00 00 2F 99 
1562744090.203 32 FF FF 00 03 00 
1562744090.671 32 32 7F 00 03 10 00 00 00 F0 07 F5 9C 0C 07 F5 CD F1 00 00 2F 99 
1562744094.217 32 FF FF 00 04 00 
1562744094.686 32 32 7F 00 04 10 00 00 00 FA 08 01 D7 70 08 02 09 59 00 00 2F 99 
1562744098.221 00 00 C0 00 00 16 00 05 00 05 00 05 00 05 00 00 00 00 00 00 00 00 00 00 00 00 00 00 
1562744098.339 00 00 C2 00 00 16 00 05 00 05 00 05 00 05 00 05 00 05 00 05 00 05 00 05 00 05 00 05 
1562744098.604 00 00 C4 00 00 04 00 00 00 05 
1562744098.669 00 00 B8 00 00 01 00 
