1562744045.553 00 00 84 00 00 01 32 
1562744045.684 00 00 80 00 00 13 6D 61 73 74 65 72 2D 31 34 33 37 2D 66 66 33 39 39 61 37 
1562744045.800 00 00 83 00 00 32 67 63 2C 61 6E 2C 72 73 73 69 2D 63 6F 6E 66 2C 62 65 73 74 62 69 74 2C 35 30 2D 37 35 6B 48 7A 2C 74 78 2D 62 72 69 64 67 65 2C 72 78 2D 67 65 6E 33 
1562744046.049 00 00 95 00 00 01 02 
1562744046.187 00 00 A8 00 00 04 00 00 00 00 
1562744046.333 00 00 9A 00 00 01 01 
1562744046.445 00 00 98 00 00 01 00 
1562744046.597 00 00 99 00 00 06 00 01 02 01 01 13 
1562744046.722 00 00 C0 00 00 16 00 00 00 00 00 00 00 00 00 00 00 00 00 00 00 00 00 00 00 00 00 00 
1562744046.870 00 00 C2 00 00 16 00 00 00 00 00 00 00 00 00 00 00 00 00 00 00 00 00 00 00 00 00 00 
1562744047.014 00 00 C4 00 00 04 00 00 00 00 
1562744047.154 00 00 B8 00 00 01 00 
1562744047.218 00 00 94 00 00 01 09 
1562744047.465 00 00 B9 00 00 08 00 00 00 00 00 00 00 00 
1562744047.469 32 FF FF 00 00 00 
1562744047.894 32 32 7F 00 00 10 00 00 00 E3 07 73 18 26 07 73 4A 06 00 00 2F 99 
1562744053.466 00 00 84 00 00 01 21 
1562744053.646 00 00 A8 00 00 04 00 00 00 00 
1562744053.766 00 00 84 00 00 01 32 
1562744055.699 20 FF 00 02 00 00 
1562744057.902 20 FF 00 02 01 00 
1562744061.909 20 FF 00 02 02 00 
1562744065.974 20 FF 00 02 03 00 
1562744069.942 20 FF 00 02 04 00 
